Build started 6/2/2018 9:17:06 PM.
     1>Project "C:\sp\src\tier1\tier1.vcxproj" on node 4 (Build target(s)).
     1>PreBuildEvent:
         if EXIST ..\lib\public\.\tier1.lib ( for /f "delims=" %%A in ('attrib "..\lib\public\.\tier1.lib"') do set valveTmpIsReadOnly="%%A"
         ) else ( if not EXIST ..\lib\public\. mkdir ..\lib\public\. )
         set valveTmpIsReadOnlyLetter=%valveTmpIsReadOnly:~6,1%
         if "%valveTmpIsReadOnlyLetter%"=="R" (
             attrib -r ..\lib\public\.\tier1.lib
             ..\devtools\bin\gnu\touch.exe -d "1999-01-01" ..\lib\public\.\tier1.lib
             attrib +r ..\lib\public\.\tier1.lib
         )
         if exist "..\devtools\bin\vpc.exe" "..\devtools\bin\vpc.exe" -crc2 "tier1.vcxproj"
         if ERRORLEVEL 1 exit /b 1
         
         :VCEnd
       CustomBuild:
         Running VPC CRC Check - tier1.vpc
       ClCompile:
         G:\Software\VS2013\VC\bin\CL.exe /c /I..\common /I..\public /I..\public\tier0 /I..\public\tier1 /ZI /nologo /W4 /WX /MP /Od /Oy- /D VPC /D RAD_TELEMETRY_DISABLED /D _HAS_ITERATOR_DEBUGGING=0 /D WIN32 /D _WIN32 /D _DEBUG /D DEBUG /D _LIB /D _CRT_SECURE_NO_DEPRECATE /D _CRT_NONSTDC_NO_DEPRECATE /D _ALLOW_RUNTIME_LIBRARY_MISMATCH /D _ALLOW_ITERATOR_DEBUG_LEVEL_MISMATCH /D _ALLOW_MSC_VER_MISMATCH /D _USING_V110_SDK71_ /D _MBCS /D COMPILER_MSVC32 /D COMPILER_MSVC32 /D COMPILER_MSVC /D _DLL_EXT=.dll /D LIBNAME=tier1 /D BINK_VIDEO /D AVI_VIDEO /D WMV_VIDEO /D DEV_BUILD /D FRAME_POINTER_OMISSION_DISABLED /D TIER1_STATIC_LIB /D _EXTERNAL_DLL_EXT=.dll /D VPCGAMECAPS=VALVE /D PROJECTDIR=C:\sp\src\tier1 /D _DLL_EXT=.dll /D VPCGAME=valve /D SOURCE1=1 /GF /Gm- /MTd /GS /arch:SSE /fp:fast /Zc:wchar_t /Zc:forScope /GR /openmp- /Fo".\Debug\.\/" /Fd".\Debug\.\/vc120.pdb" /Gd /TP /wd4316 /analyze- /FC /errorReport:prompt  /Gw bitbuf.cpp byteswap.cpp characterset.cpp checksum_crc.cpp checksum_md5.cpp checksum_sha1.cpp commandbuffer.cpp convar.cpp datamanager.cpp diff.cpp generichash.cpp ilocalize.cpp interface.cpp KeyValues.cpp kvpacker.cpp lzmaDecoder.cpp mempool.cpp memstack.cpp NetAdr.cpp newbitbuf.cpp rangecheckedvar.cpp reliabletimer.cpp "snappy-sinksource.cpp" "snappy-stubs-internal.cpp" snappy.cpp sparsematrix.cpp splitstring.cpp stringpool.cpp strtools.cpp tier1.cpp tokenreader.cpp uniqueid.cpp utlbuffer.cpp utlbufferutil.cpp utlstring.cpp utlsymbol.cpp
         bitbuf.cpp
         byteswap.cpp
         characterset.cpp
         checksum_crc.cpp
         checksum_md5.cpp
         checksum_sha1.cpp
         commandbuffer.cpp
         convar.cpp
         datamanager.cpp
         diff.cpp
     1>Done Building Project "C:\sp\src\tier1\tier1.vcxproj" (Build target(s)) -- FAILED.

Build FAILED.

Time Elapsed 00:00:07.81
